DEBUG (25/01/2024 04/50/33 PM): Using selector: EpollSelector (Line: 54 [selector_events.py])
INFO (25/01/2024 04/50/33 PM): On main: state RUNNING (Line: 183 [lzinfo.py])
DEBUG (25/01/2024 04/50/45 PM): Using selector: EpollSelector (Line: 54 [selector_events.py])
INFO (25/01/2024 04/50/45 PM): On main: state RUNNING (Line: 183 [lzinfo.py])
INFO (25/01/2024 04/50/45 PM): parsed user and repos (Gameye98, Lazymux) (Line: 106 [lzinfo.py])
DEBUG (25/01/2024 04/50/45 PM): Starting new HTTPS connection (1): api.github.com:443 (Line: 1003 [connectionpool.py])
DEBUG (25/01/2024 04/50/47 PM): https://api.github.com:443 "GET /repos/Gameye98/Lazymux HTTP/1.1" 200 1278 (Line: 456 [connectionpool.py])
DEBUG (25/01/2024 04/50/47 PM): Starting new HTTPS connection (1): api.github.com:443 (Line: 1003 [connectionpool.py])
DEBUG (25/01/2024 04/50/47 PM): https://api.github.com:443 "GET /repos/Gameye98/Lazymux/contents HTTP/1.1" 200 696 (Line: 456 [connectionpool.py])
INFO (25/01/2024 04/50/47 PM): request_data called, handling .gitignore, url{https://raw.githubusercontent.com/Gameye98/Lazymux/master/.gitignore} (Line: 130 [lzinfo.py])
DEBUG (25/01/2024 04/50/47 PM): Starting new HTTPS connection (1): raw.githubusercontent.com:443 (Line: 1003 [connectionpool.py])
DEBUG (25/01/2024 04/50/48 PM): https://raw.githubusercontent.com:443 "GET /Gameye98/Lazymux/master/.gitignore HTTP/1.1" 200 100 (Line: 456 [connectionpool.py])
INFO (25/01/2024 04/50/48 PM): return content with size 111 (Line: 132 [lzinfo.py])
INFO (25/01/2024 04/50/48 PM): request_data called, handling README.md, url{https://raw.githubusercontent.com/Gameye98/Lazymux/master/README.md} (Line: 130 [lzinfo.py])
DEBUG (25/01/2024 04/50/48 PM): Starting new HTTPS connection (1): raw.githubusercontent.com:443 (Line: 1003 [connectionpool.py])
DEBUG (25/01/2024 04/50/49 PM): https://raw.githubusercontent.com:443 "GET /Gameye98/Lazymux/master/README.md HTTP/1.1" 200 891 (Line: 456 [connectionpool.py])
INFO (25/01/2024 04/50/49 PM): return content with size 2245 (Line: 132 [lzinfo.py])
INFO (25/01/2024 04/50/49 PM): request_data called, handling lazymux.db, url{https://raw.githubusercontent.com/Gameye98/Lazymux/master/lazymux.db} (Line: 130 [lzinfo.py])
DEBUG (25/01/2024 04/50/49 PM): Starting new HTTPS connection (1): raw.githubusercontent.com:443 (Line: 1003 [connectionpool.py])
DEBUG (25/01/2024 04/50/51 PM): https://raw.githubusercontent.com:443 "GET /Gameye98/Lazymux/master/lazymux.db HTTP/1.1" 200 122880 (Line: 456 [connectionpool.py])
DEBUG (25/01/2024 04/50/52 PM): Encoding detection: Unable to determine any suitable charset. (Line: 490 [api.py])
INFO (25/01/2024 04/50/52 PM): return content with size 122880 (Line: 132 [lzinfo.py])
INFO (25/01/2024 04/50/52 PM): request_data called, handling lazymux.py, url{https://raw.githubusercontent.com/Gameye98/Lazymux/master/lazymux.py} (Line: 130 [lzinfo.py])
DEBUG (25/01/2024 04/50/52 PM): Starting new HTTPS connection (1): raw.githubusercontent.com:443 (Line: 1003 [connectionpool.py])
DEBUG (25/01/2024 04/50/53 PM): https://raw.githubusercontent.com:443 "GET /Gameye98/Lazymux/master/lazymux.py HTTP/1.1" 200 11577 (Line: 456 [connectionpool.py])
INFO (25/01/2024 04/50/53 PM): return content with size 47950 (Line: 132 [lzinfo.py])
INFO (25/01/2024 04/50/53 PM): filter_data called, handling .gitignore (Line: 136 [lzinfo.py])
INFO (25/01/2024 04/50/53 PM): filter_data called, handling README.md (Line: 136 [lzinfo.py])
INFO (25/01/2024 04/50/53 PM): filter_data called, handling lazymux.db (Line: 136 [lzinfo.py])
INFO (25/01/2024 04/50/53 PM): filter_data called, handling lazymux.py (Line: 136 [lzinfo.py])
DEBUG (25/01/2024 04/51/48 PM): Using selector: EpollSelector (Line: 54 [selector_events.py])
INFO (25/01/2024 04/51/48 PM): On main: state RUNNING (Line: 183 [lzinfo.py])
INFO (25/01/2024 04/51/48 PM): parsed user and repos (Gameye98, Lazymux) (Line: 106 [lzinfo.py])
DEBUG (25/01/2024 04/51/48 PM): Starting new HTTPS connection (1): api.github.com:443 (Line: 1003 [connectionpool.py])
DEBUG (25/01/2024 04/51/49 PM): https://api.github.com:443 "GET /repos/Gameye98/Lazymux HTTP/1.1" 200 None (Line: 456 [connectionpool.py])
DEBUG (25/01/2024 04/51/49 PM): Starting new HTTPS connection (1): api.github.com:443 (Line: 1003 [connectionpool.py])
DEBUG (25/01/2024 04/51/50 PM): https://api.github.com:443 "GET /repos/Gameye98/Lazymux/contents HTTP/1.1" 200 696 (Line: 456 [connectionpool.py])
INFO (25/01/2024 04/51/51 PM): request_data called, handling .gitignore, url{https://raw.githubusercontent.com/Gameye98/Lazymux/master/.gitignore} (Line: 130 [lzinfo.py])
DEBUG (25/01/2024 04/51/51 PM): Starting new HTTPS connection (1): raw.githubusercontent.com:443 (Line: 1003 [connectionpool.py])
DEBUG (25/01/2024 04/51/51 PM): https://raw.githubusercontent.com:443 "GET /Gameye98/Lazymux/master/.gitignore HTTP/1.1" 200 100 (Line: 456 [connectionpool.py])
INFO (25/01/2024 04/51/51 PM): return content with size 111 (Line: 132 [lzinfo.py])
INFO (25/01/2024 04/51/51 PM): request_data called, handling README.md, url{https://raw.githubusercontent.com/Gameye98/Lazymux/master/README.md} (Line: 130 [lzinfo.py])
DEBUG (25/01/2024 04/51/51 PM): Starting new HTTPS connection (1): raw.githubusercontent.com:443 (Line: 1003 [connectionpool.py])
DEBUG (25/01/2024 04/51/52 PM): https://raw.githubusercontent.com:443 "GET /Gameye98/Lazymux/master/README.md HTTP/1.1" 200 891 (Line: 456 [connectionpool.py])
INFO (25/01/2024 04/51/52 PM): return content with size 2245 (Line: 132 [lzinfo.py])
INFO (25/01/2024 04/51/52 PM): request_data called, handling lazymux.db, url{https://raw.githubusercontent.com/Gameye98/Lazymux/master/lazymux.db} (Line: 130 [lzinfo.py])
DEBUG (25/01/2024 04/51/52 PM): Starting new HTTPS connection (1): raw.githubusercontent.com:443 (Line: 1003 [connectionpool.py])
DEBUG (25/01/2024 04/51/52 PM): https://raw.githubusercontent.com:443 "GET /Gameye98/Lazymux/master/lazymux.db HTTP/1.1" 200 122880 (Line: 456 [connectionpool.py])
DEBUG (25/01/2024 04/51/54 PM): Encoding detection: Unable to determine any suitable charset. (Line: 490 [api.py])
INFO (25/01/2024 04/51/54 PM): return content with size 122880 (Line: 132 [lzinfo.py])
INFO (25/01/2024 04/51/54 PM): request_data called, handling lazymux.py, url{https://raw.githubusercontent.com/Gameye98/Lazymux/master/lazymux.py} (Line: 130 [lzinfo.py])
DEBUG (25/01/2024 04/51/54 PM): Starting new HTTPS connection (1): raw.githubusercontent.com:443 (Line: 1003 [connectionpool.py])
DEBUG (25/01/2024 04/51/54 PM): https://raw.githubusercontent.com:443 "GET /Gameye98/Lazymux/master/lazymux.py HTTP/1.1" 200 11577 (Line: 456 [connectionpool.py])
INFO (25/01/2024 04/51/54 PM): return content with size 47950 (Line: 132 [lzinfo.py])
INFO (25/01/2024 04/51/54 PM): filter_data called, handling .gitignore (Line: 136 [lzinfo.py])
INFO (25/01/2024 04/51/54 PM): filter_data called, handling README.md (Line: 136 [lzinfo.py])
INFO (25/01/2024 04/51/54 PM): filter_data called, handling lazymux.db (Line: 136 [lzinfo.py])
INFO (25/01/2024 04/51/54 PM): filter_data called, handling lazymux.py (Line: 136 [lzinfo.py])
DEBUG (25/01/2024 04/51/54 PM): Starting new HTTPS connection (1): raw.github.com:443 (Line: 1003 [connectionpool.py])
DEBUG (25/01/2024 04/51/56 PM): https://raw.github.com:443 "GET /Gameye98/Lazymux/master/README HTTP/1.1" 301 0 (Line: 456 [connectionpool.py])
DEBUG (25/01/2024 04/51/56 PM): Starting new HTTPS connection (1): raw.githubusercontent.com:443 (Line: 1003 [connectionpool.py])
DEBUG (25/01/2024 04/51/57 PM): https://raw.githubusercontent.com:443 "GET /Gameye98/Lazymux/master/README HTTP/1.1" 404 14 (Line: 456 [connectionpool.py])
DEBUG (25/01/2024 04/51/57 PM): Starting new HTTPS connection (1): raw.github.com:443 (Line: 1003 [connectionpool.py])
DEBUG (25/01/2024 04/51/59 PM): https://raw.github.com:443 "GET /Gameye98/Lazymux/master/READMEi HTTP/1.1" 301 0 (Line: 456 [connectionpool.py])
DEBUG (25/01/2024 04/51/59 PM): Starting new HTTPS connection (1): raw.githubusercontent.com:443 (Line: 1003 [connectionpool.py])
DEBUG (25/01/2024 04/52/01 PM): https://raw.githubusercontent.com:443 "GET /Gameye98/Lazymux/master/READMEi HTTP/1.1" 404 14 (Line: 456 [connectionpool.py])
DEBUG (25/01/2024 04/52/01 PM): Starting new HTTPS connection (1): raw.github.com:443 (Line: 1003 [connectionpool.py])
DEBUG (25/01/2024 04/52/03 PM): https://raw.github.com:443 "GET /Gameye98/Lazymux/master/READMEi HTTP/1.1" 301 0 (Line: 456 [connectionpool.py])
DEBUG (25/01/2024 04/52/03 PM): Starting new HTTPS connection (1): raw.githubusercontent.com:443 (Line: 1003 [connectionpool.py])
DEBUG (25/01/2024 04/52/04 PM): https://raw.githubusercontent.com:443 "GET /Gameye98/Lazymux/master/READMEi HTTP/1.1" 404 14 (Line: 456 [connectionpool.py])
DEBUG (25/01/2024 04/52/04 PM): Starting new HTTPS connection (1): raw.github.com:443 (Line: 1003 [connectionpool.py])
DEBUG (25/01/2024 04/52/06 PM): https://raw.github.com:443 "GET /Gameye98/Lazymux/master/READMEi HTTP/1.1" 301 0 (Line: 456 [connectionpool.py])
DEBUG (25/01/2024 04/52/06 PM): Starting new HTTPS connection (1): raw.githubusercontent.com:443 (Line: 1003 [connectionpool.py])
DEBUG (25/01/2024 04/52/06 PM): https://raw.githubusercontent.com:443 "GET /Gameye98/Lazymux/master/READMEi HTTP/1.1" 404 14 (Line: 456 [connectionpool.py])
DEBUG (25/01/2024 04/58/15 PM): Using selector: EpollSelector (Line: 54 [selector_events.py])
INFO (25/01/2024 04/58/15 PM): On main: state RUNNING (Line: 185 [lzinfo.py])
INFO (25/01/2024 04/58/15 PM): parsed user and repos (Gameye98, Lazymux) (Line: 108 [lzinfo.py])
DEBUG (25/01/2024 04/58/15 PM): Starting new HTTPS connection (1): api.github.com:443 (Line: 1003 [connectionpool.py])
DEBUG (25/01/2024 04/58/16 PM): https://api.github.com:443 "GET /repos/Gameye98/Lazymux HTTP/1.1" 200 None (Line: 456 [connectionpool.py])
DEBUG (25/01/2024 04/58/16 PM): Starting new HTTPS connection (1): api.github.com:443 (Line: 1003 [connectionpool.py])
DEBUG (25/01/2024 04/58/17 PM): https://api.github.com:443 "GET /repos/Gameye98/Lazymux/contents HTTP/1.1" 200 696 (Line: 456 [connectionpool.py])
INFO (25/01/2024 04/58/17 PM): request_data called, handling .gitignore, url{https://raw.githubusercontent.com/Gameye98/Lazymux/master/.gitignore} (Line: 132 [lzinfo.py])
DEBUG (25/01/2024 04/58/17 PM): Starting new HTTPS connection (1): raw.githubusercontent.com:443 (Line: 1003 [connectionpool.py])
DEBUG (25/01/2024 04/58/18 PM): https://raw.githubusercontent.com:443 "GET /Gameye98/Lazymux/master/.gitignore HTTP/1.1" 200 100 (Line: 456 [connectionpool.py])
INFO (25/01/2024 04/58/18 PM): return content with size 111 (Line: 134 [lzinfo.py])
INFO (25/01/2024 04/58/18 PM): request_data called, handling README.md, url{https://raw.githubusercontent.com/Gameye98/Lazymux/master/README.md} (Line: 132 [lzinfo.py])
DEBUG (25/01/2024 04/58/19 PM): Starting new HTTPS connection (1): raw.githubusercontent.com:443 (Line: 1003 [connectionpool.py])
DEBUG (25/01/2024 04/58/22 PM): https://raw.githubusercontent.com:443 "GET /Gameye98/Lazymux/master/README.md HTTP/1.1" 200 891 (Line: 456 [connectionpool.py])
INFO (25/01/2024 04/58/22 PM): return content with size 2245 (Line: 134 [lzinfo.py])
INFO (25/01/2024 04/58/22 PM): request_data called, handling lazymux.db, url{https://raw.githubusercontent.com/Gameye98/Lazymux/master/lazymux.db} (Line: 132 [lzinfo.py])
DEBUG (25/01/2024 04/58/22 PM): Starting new HTTPS connection (1): raw.githubusercontent.com:443 (Line: 1003 [connectionpool.py])
DEBUG (25/01/2024 04/58/23 PM): https://raw.githubusercontent.com:443 "GET /Gameye98/Lazymux/master/lazymux.db HTTP/1.1" 200 122880 (Line: 456 [connectionpool.py])
DEBUG (25/01/2024 04/58/24 PM): Encoding detection: Unable to determine any suitable charset. (Line: 490 [api.py])
INFO (25/01/2024 04/58/24 PM): return content with size 122880 (Line: 134 [lzinfo.py])
INFO (25/01/2024 04/58/24 PM): request_data called, handling lazymux.py, url{https://raw.githubusercontent.com/Gameye98/Lazymux/master/lazymux.py} (Line: 132 [lzinfo.py])
DEBUG (25/01/2024 04/58/24 PM): Starting new HTTPS connection (1): raw.githubusercontent.com:443 (Line: 1003 [connectionpool.py])
DEBUG (25/01/2024 04/58/25 PM): https://raw.githubusercontent.com:443 "GET /Gameye98/Lazymux/master/lazymux.py HTTP/1.1" 200 11577 (Line: 456 [connectionpool.py])
INFO (25/01/2024 04/58/25 PM): return content with size 47950 (Line: 134 [lzinfo.py])
INFO (25/01/2024 04/58/25 PM): filter_data called, handling .gitignore (Line: 138 [lzinfo.py])
INFO (25/01/2024 04/58/25 PM): filter_data called, handling README.md (Line: 138 [lzinfo.py])
INFO (25/01/2024 04/58/25 PM): filter_data called, handling lazymux.db (Line: 138 [lzinfo.py])
INFO (25/01/2024 04/58/25 PM): filter_data called, handling lazymux.py (Line: 138 [lzinfo.py])
DEBUG (25/01/2024 04/58/26 PM): Starting new HTTPS connection (1): raw.github.com:443 (Line: 1003 [connectionpool.py])
DEBUG (25/01/2024 04/58/27 PM): https://raw.github.com:443 "GET /Gameye98/Lazymux/master/README HTTP/1.1" 301 0 (Line: 456 [connectionpool.py])
DEBUG (25/01/2024 04/58/27 PM): Starting new HTTPS connection (1): raw.githubusercontent.com:443 (Line: 1003 [connectionpool.py])
DEBUG (25/01/2024 04/58/28 PM): https://raw.githubusercontent.com:443 "GET /Gameye98/Lazymux/master/README HTTP/1.1" 404 14 (Line: 456 [connectionpool.py])
DEBUG (25/01/2024 04/58/28 PM): Starting new HTTPS connection (1): raw.github.com:443 (Line: 1003 [connectionpool.py])
DEBUG (25/01/2024 04/58/29 PM): https://raw.github.com:443 "GET /Gameye98/Lazymux/master/READMEi HTTP/1.1" 301 0 (Line: 456 [connectionpool.py])
DEBUG (25/01/2024 04/58/29 PM): Starting new HTTPS connection (1): raw.githubusercontent.com:443 (Line: 1003 [connectionpool.py])
DEBUG (25/01/2024 04/58/30 PM): https://raw.githubusercontent.com:443 "GET /Gameye98/Lazymux/master/READMEi HTTP/1.1" 404 14 (Line: 456 [connectionpool.py])
DEBUG (25/01/2024 04/58/30 PM): Starting new HTTPS connection (1): raw.github.com:443 (Line: 1003 [connectionpool.py])
DEBUG (25/01/2024 04/58/31 PM): https://raw.github.com:443 "GET /Gameye98/Lazymux/master/READMEi HTTP/1.1" 301 0 (Line: 456 [connectionpool.py])
DEBUG (25/01/2024 04/58/31 PM): Starting new HTTPS connection (1): raw.githubusercontent.com:443 (Line: 1003 [connectionpool.py])
DEBUG (25/01/2024 04/58/33 PM): https://raw.githubusercontent.com:443 "GET /Gameye98/Lazymux/master/READMEi HTTP/1.1" 404 14 (Line: 456 [connectionpool.py])
DEBUG (25/01/2024 04/58/33 PM): Starting new HTTPS connection (1): raw.github.com:443 (Line: 1003 [connectionpool.py])
DEBUG (25/01/2024 04/58/33 PM): https://raw.github.com:443 "GET /Gameye98/Lazymux/master/READMEi HTTP/1.1" 301 0 (Line: 456 [connectionpool.py])
DEBUG (25/01/2024 04/58/33 PM): Starting new HTTPS connection (1): raw.githubusercontent.com:443 (Line: 1003 [connectionpool.py])
DEBUG (25/01/2024 04/58/34 PM): https://raw.githubusercontent.com:443 "GET /Gameye98/Lazymux/master/READMEi HTTP/1.1" 404 14 (Line: 456 [connectionpool.py])
DEBUG (25/01/2024 05/03/58 PM): Using selector: EpollSelector (Line: 54 [selector_events.py])
INFO (25/01/2024 05/03/58 PM): On main: state RUNNING (Line: 185 [lzinfo.py])
INFO (25/01/2024 05/03/58 PM): parsed user and repos (Gameye98, Lazymux) (Line: 108 [lzinfo.py])
DEBUG (25/01/2024 05/03/58 PM): Starting new HTTPS connection (1): api.github.com:443 (Line: 1003 [connectionpool.py])
DEBUG (25/01/2024 05/04/00 PM): https://api.github.com:443 "GET /repos/Gameye98/Lazymux HTTP/1.1" 200 1278 (Line: 456 [connectionpool.py])
DEBUG (25/01/2024 05/04/00 PM): Starting new HTTPS connection (1): api.github.com:443 (Line: 1003 [connectionpool.py])
DEBUG (25/01/2024 05/04/01 PM): https://api.github.com:443 "GET /repos/Gameye98/Lazymux/contents HTTP/1.1" 200 696 (Line: 456 [connectionpool.py])
INFO (25/01/2024 05/04/01 PM): request_data called, handling .gitignore, url{https://raw.githubusercontent.com/Gameye98/Lazymux/master/.gitignore} (Line: 132 [lzinfo.py])
DEBUG (25/01/2024 05/04/01 PM): Starting new HTTPS connection (1): raw.githubusercontent.com:443 (Line: 1003 [connectionpool.py])
DEBUG (25/01/2024 05/04/02 PM): https://raw.githubusercontent.com:443 "GET /Gameye98/Lazymux/master/.gitignore HTTP/1.1" 200 100 (Line: 456 [connectionpool.py])
INFO (25/01/2024 05/04/02 PM): return content with size 111 (Line: 134 [lzinfo.py])
INFO (25/01/2024 05/04/02 PM): request_data called, handling README.md, url{https://raw.githubusercontent.com/Gameye98/Lazymux/master/README.md} (Line: 132 [lzinfo.py])
DEBUG (25/01/2024 05/04/02 PM): Starting new HTTPS connection (1): raw.githubusercontent.com:443 (Line: 1003 [connectionpool.py])
DEBUG (25/01/2024 05/04/03 PM): https://raw.githubusercontent.com:443 "GET /Gameye98/Lazymux/master/README.md HTTP/1.1" 200 891 (Line: 456 [connectionpool.py])
INFO (25/01/2024 05/04/03 PM): return content with size 2245 (Line: 134 [lzinfo.py])
INFO (25/01/2024 05/04/03 PM): request_data called, handling lazymux.db, url{https://raw.githubusercontent.com/Gameye98/Lazymux/master/lazymux.db} (Line: 132 [lzinfo.py])
DEBUG (25/01/2024 05/04/03 PM): Starting new HTTPS connection (1): raw.githubusercontent.com:443 (Line: 1003 [connectionpool.py])
DEBUG (25/01/2024 05/04/04 PM): https://raw.githubusercontent.com:443 "GET /Gameye98/Lazymux/master/lazymux.db HTTP/1.1" 200 122880 (Line: 456 [connectionpool.py])
DEBUG (25/01/2024 05/04/06 PM): Encoding detection: Unable to determine any suitable charset. (Line: 490 [api.py])
INFO (25/01/2024 05/04/06 PM): return content with size 122880 (Line: 134 [lzinfo.py])
INFO (25/01/2024 05/04/06 PM): request_data called, handling lazymux.py, url{https://raw.githubusercontent.com/Gameye98/Lazymux/master/lazymux.py} (Line: 132 [lzinfo.py])
DEBUG (25/01/2024 05/04/06 PM): Starting new HTTPS connection (1): raw.githubusercontent.com:443 (Line: 1003 [connectionpool.py])
DEBUG (25/01/2024 05/04/07 PM): https://raw.githubusercontent.com:443 "GET /Gameye98/Lazymux/master/lazymux.py HTTP/1.1" 200 11577 (Line: 456 [connectionpool.py])
INFO (25/01/2024 05/04/07 PM): return content with size 47950 (Line: 134 [lzinfo.py])
INFO (25/01/2024 05/04/07 PM): filter_data called, handling .gitignore (Line: 138 [lzinfo.py])
INFO (25/01/2024 05/04/07 PM): filter_data called, handling README.md (Line: 138 [lzinfo.py])
INFO (25/01/2024 05/04/07 PM): filter_data called, handling lazymux.db (Line: 138 [lzinfo.py])
INFO (25/01/2024 05/04/07 PM): filter_data called, handling lazymux.py (Line: 138 [lzinfo.py])
DEBUG (25/01/2024 05/04/08 PM): Starting new HTTPS connection (1): raw.github.com:443 (Line: 1003 [connectionpool.py])
DEBUG (25/01/2024 05/04/09 PM): https://raw.github.com:443 "GET /Gameye98/Lazymux/master/README HTTP/1.1" 301 0 (Line: 456 [connectionpool.py])
DEBUG (25/01/2024 05/04/09 PM): Starting new HTTPS connection (1): raw.githubusercontent.com:443 (Line: 1003 [connectionpool.py])
DEBUG (25/01/2024 05/04/11 PM): https://raw.githubusercontent.com:443 "GET /Gameye98/Lazymux/master/README HTTP/1.1" 404 14 (Line: 456 [connectionpool.py])
DEBUG (25/01/2024 05/04/11 PM): Starting new HTTPS connection (1): raw.github.com:443 (Line: 1003 [connectionpool.py])
DEBUG (25/01/2024 05/04/14 PM): https://raw.github.com:443 "GET /Gameye98/Lazymux/master/READMEi HTTP/1.1" 301 0 (Line: 456 [connectionpool.py])
DEBUG (25/01/2024 05/04/14 PM): Starting new HTTPS connection (1): raw.githubusercontent.com:443 (Line: 1003 [connectionpool.py])
DEBUG (25/01/2024 05/04/15 PM): https://raw.githubusercontent.com:443 "GET /Gameye98/Lazymux/master/READMEi HTTP/1.1" 404 14 (Line: 456 [connectionpool.py])
DEBUG (25/01/2024 05/04/15 PM): Starting new HTTPS connection (1): raw.github.com:443 (Line: 1003 [connectionpool.py])
DEBUG (25/01/2024 05/04/16 PM): https://raw.github.com:443 "GET /Gameye98/Lazymux/master/READMEi HTTP/1.1" 301 0 (Line: 456 [connectionpool.py])
DEBUG (25/01/2024 05/04/16 PM): Starting new HTTPS connection (1): raw.githubusercontent.com:443 (Line: 1003 [connectionpool.py])
DEBUG (25/01/2024 05/04/17 PM): https://raw.githubusercontent.com:443 "GET /Gameye98/Lazymux/master/READMEi HTTP/1.1" 404 14 (Line: 456 [connectionpool.py])
DEBUG (25/01/2024 05/04/17 PM): Starting new HTTPS connection (1): raw.github.com:443 (Line: 1003 [connectionpool.py])
DEBUG (25/01/2024 05/04/18 PM): https://raw.github.com:443 "GET /Gameye98/Lazymux/master/READMEi HTTP/1.1" 301 0 (Line: 456 [connectionpool.py])
DEBUG (25/01/2024 05/04/18 PM): Starting new HTTPS connection (1): raw.githubusercontent.com:443 (Line: 1003 [connectionpool.py])
DEBUG (25/01/2024 05/04/21 PM): https://raw.githubusercontent.com:443 "GET /Gameye98/Lazymux/master/READMEi HTTP/1.1" 404 14 (Line: 456 [connectionpool.py])
